  main.cpp
C:\laboratory\gabuzomeu\gabuzomeu\bnflite.h(339,9): warning C4267: 'initializing': conversion from 'size_t' to 'int', possible loss of data
C:\laboratory\gabuzomeu\gabuzomeu\bnflite.h(353,1): warning C4267: '=': conversion from 'size_t' to 'int', possible loss of data
C:\laboratory\gabuzomeu\gabuzomeu\bnflite.h(389,1): warning C4267: 'initializing': conversion from 'size_t' to 'unsigned int', possible loss of data
C:\laboratory\gabuzomeu\gabuzomeu\bnflite.h(391,1): warning C4267: '=': conversion from 'size_t' to 'unsigned int', possible loss of data
C:\laboratory\gabuzomeu\gabuzomeu\bnflite.h(396,48): warning C4244: '=': conversion from '__int64' to 'int', possible loss of data
C:\laboratory\gabuzomeu\gabuzomeu\bnflite.h(447,1): warning C4267: 'initializing': conversion from 'size_t' to 'int', possible loss of data
C:\laboratory\gabuzomeu\gabuzomeu\bnflite.h(460,1): warning C4267: 'initializing': conversion from 'size_t' to 'int', possible loss of data
C:\laboratory\gabuzomeu\gabuzomeu\bnflite.h(495,1): warning C4267: 'initializing': conversion from 'size_t' to 'int', possible loss of data
C:\laboratory\gabuzomeu\gabuzomeu\main.cpp(199,12): warning C4477: 'printf' : format string '%.*s' requires an argument of type 'int', but variadic argument 1 has type 'size_t'
C:\laboratory\gabuzomeu\gabuzomeu\main.cpp(199,12): message : this argument is used as a precision
C:\laboratory\gabuzomeu\gabuzomeu\main.cpp(206,12): warning C4477: 'printf' : format string '%.*s' requires an argument of type 'int', but variadic argument 1 has type 'size_t'
C:\laboratory\gabuzomeu\gabuzomeu\main.cpp(206,12): message : this argument is used as a precision
C:\laboratory\gabuzomeu\gabuzomeu\main.cpp(213,12): warning C4477: 'printf' : format string '%.*s' requires an argument of type 'int', but variadic argument 1 has type 'size_t'
C:\laboratory\gabuzomeu\gabuzomeu\main.cpp(213,12): message : this argument is used as a precision
C:\laboratory\gabuzomeu\gabuzomeu\main.cpp(220,12): warning C4477: 'printf' : format string '%.*s' requires an argument of type 'int', but variadic argument 1 has type 'size_t'
C:\laboratory\gabuzomeu\gabuzomeu\main.cpp(220,12): message : this argument is used as a precision
C:\laboratory\gabuzomeu\gabuzomeu\main.cpp(227,12): warning C4477: 'printf' : format string '%.*s' requires an argument of type 'int', but variadic argument 1 has type 'size_t'
C:\laboratory\gabuzomeu\gabuzomeu\main.cpp(227,12): message : this argument is used as a precision
C:\laboratory\gabuzomeu\gabuzomeu\main.cpp(234,12): warning C4477: 'printf' : format string '%.*s' requires an argument of type 'int', but variadic argument 1 has type 'size_t'
C:\laboratory\gabuzomeu\gabuzomeu\main.cpp(234,12): message : this argument is used as a precision
C:\laboratory\gabuzomeu\gabuzomeu\main.cpp(241,12): warning C4477: 'printf' : format string '%.*s' requires an argument of type 'int', but variadic argument 1 has type 'size_t'
C:\laboratory\gabuzomeu\gabuzomeu\main.cpp(241,12): message : this argument is used as a precision
C:\laboratory\gabuzomeu\gabuzomeu\main.cpp(248,12): warning C4477: 'printf' : format string '%.*s' requires an argument of type 'int', but variadic argument 1 has type 'size_t'
C:\laboratory\gabuzomeu\gabuzomeu\main.cpp(248,12): message : this argument is used as a precision
C:\laboratory\gabuzomeu\gabuzomeu\main.cpp(255,12): warning C4477: 'printf' : format string '%.*s' requires an argument of type 'int', but variadic argument 1 has type 'size_t'
C:\laboratory\gabuzomeu\gabuzomeu\main.cpp(255,12): message : this argument is used as a precision
C:\laboratory\gabuzomeu\gabuzomeu\main.cpp(262,12): warning C4477: 'printf' : format string '%.*s' requires an argument of type 'int', but variadic argument 1 has type 'size_t'
C:\laboratory\gabuzomeu\gabuzomeu\main.cpp(262,12): message : this argument is used as a precision
C:\laboratory\gabuzomeu\gabuzomeu\main.cpp(269,12): warning C4477: 'printf' : format string '%.*s' requires an argument of type 'int', but variadic argument 1 has type 'size_t'
C:\laboratory\gabuzomeu\gabuzomeu\main.cpp(269,12): message : this argument is used as a precision
C:\laboratory\gabuzomeu\gabuzomeu\main.cpp(276,12): warning C4477: 'printf' : format string '%.*s' requires an argument of type 'int', but variadic argument 1 has type 'size_t'
C:\laboratory\gabuzomeu\gabuzomeu\main.cpp(276,12): message : this argument is used as a precision
C:\laboratory\gabuzomeu\gabuzomeu\main.cpp(283,12): warning C4477: 'printf' : format string '%.*s' requires an argument of type 'int', but variadic argument 1 has type 'size_t'
C:\laboratory\gabuzomeu\gabuzomeu\main.cpp(283,12): message : this argument is used as a precision
C:\laboratory\gabuzomeu\gabuzomeu\main.cpp(290,12): warning C4477: 'printf' : format string '%.*s' requires an argument of type 'int', but variadic argument 1 has type 'size_t'
C:\laboratory\gabuzomeu\gabuzomeu\main.cpp(290,12): message : this argument is used as a precision
C:\laboratory\gabuzomeu\gabuzomeu\main.cpp(304,12): warning C4477: 'printf' : format string '%.*s' requires an argument of type 'int', but variadic argument 1 has type 'size_t'
C:\laboratory\gabuzomeu\gabuzomeu\main.cpp(304,12): message : this argument is used as a precision
C:\laboratory\gabuzomeu\gabuzomeu\main.cpp(324,12): warning C4477: 'printf' : format string '%.*s' requires an argument of type 'int', but variadic argument 1 has type 'size_t'
C:\laboratory\gabuzomeu\gabuzomeu\main.cpp(324,12): message : this argument is used as a precision
C:\laboratory\gabuzomeu\gabuzomeu\main.cpp(344,12): warning C4477: 'printf' : format string '%.*s' requires an argument of type 'int', but variadic argument 1 has type 'size_t'
C:\laboratory\gabuzomeu\gabuzomeu\main.cpp(344,12): message : this argument is used as a precision
C:\laboratory\gabuzomeu\gabuzomeu\main.cpp(372,12): warning C4477: 'printf' : format string '%.*s' requires an argument of type 'int', but variadic argument 1 has type 'size_t'
C:\laboratory\gabuzomeu\gabuzomeu\main.cpp(372,12): message : this argument is used as a precision
C:\laboratory\gabuzomeu\gabuzomeu\main.cpp(401,12): warning C4477: 'printf' : format string '%.*s' requires an argument of type 'int', but variadic argument 1 has type 'size_t'
C:\laboratory\gabuzomeu\gabuzomeu\main.cpp(401,12): message : this argument is used as a precision
C:\laboratory\gabuzomeu\gabuzomeu\main.cpp(406,42): warning C4267: '=': conversion from 'size_t' to 'int', possible loss of data
C:\laboratory\gabuzomeu\gabuzomeu\main.cpp(608,60): warning C4267: '=': conversion from 'size_t' to 'int', possible loss of data
C:\laboratory\gabuzomeu\gabuzomeu\bnflite.h(585,1): warning C4267: '=': conversion from 'size_t' to 'unsigned int', possible loss of data
C:\laboratory\gabuzomeu\gabuzomeu\bnflite.h(583): message : while compiling class template member function 'std::pair<void *,int> bnf::_Parser<U>::_pre_call(void *)'
          with
          [
              U=bnf::Interface<bool>
          ]
C:\laboratory\gabuzomeu\gabuzomeu\bnflite.h(658): message : see reference to class template instantiation 'bnf::_Parser<U>' being compiled
          with
          [
              U=bnf::Interface<bool>
          ]
C:\laboratory\gabuzomeu\gabuzomeu\bnflite.h(667): message : see reference to function template instantiation 'int bnf::_Analyze<bnf::Interface<bool>>(bnf::_Tie &,U &,const char *(__cdecl *)(const char *))' being compiled
          with
          [
              U=bnf::Interface<bool>
          ]
  gabuzomeu.vcxproj -> C:\laboratory\gabuzomeu\x64\Debug\gabuzomeu.exe
